{
  "RSpec": {
    "coverage": {
      "/Users/spaek14/Desktop/projects/bank/spec/bank_spec.rb": {
        "lines": [
          1,
          null,
          1,
          8,
          null,
          1,
          1,
          1,
          1,
          null,
          null,
          1,
          1,
          1,
          5,
          5,
          5,
          null,
          null,
          1,
          2,
          null,
          null,
          null,
          1,
          null,
          1,
          4,
          null,
          null,
          1,
          1,
          1,
          null,
          null,
          1,
          1,
          1,
          1,
          null,
          null,
          1,
          2,
          2,
          2,
          2,
          null,
          null,
          1,
          2,
          2,
          2,
          2,
          null,
          null,
          null,
          1,
          3,
          3,
          3,
          3,
          3,
          null,
          1,
          1,
          1,
          1,
          1,
          null,
          null,
          1,
          1,
          null,
          null,
          1,
          1,
          1,
          1,
          2,
          null,
          null,
          null,
          1,
          2,
          2,
          2,
          2,
          2,
          null,
          1,
          2,
          null,
          null,
          null
        ]
      },
      "/Users/spaek14/Desktop/projects/bank/lib/bank.rb": {
        "lines": [
          1,
          1,
          null,
          1,
          1,
          null,
          1,
          8,
          8,
          null,
          null,
          1,
          16,
          11,
          11,
          null,
          null,
          1,
          12,
          8,
          8,
          null,
          null,
          1,
          1,
          null,
          null,
          1,
          null,
          1,
          28,
          28,
          28,
          28,
          null,
          null
        ]
      },
      "/Users/spaek14/Desktop/projects/bank/lib/transaction.rb": {
        "lines": [
          1,
          1,
          null,
          1,
          27,
          27,
          27,
          27,
          27,
          27,
          16,
          11,
          10,
          1,
          null,
          null,
          null
        ]
      },
      "/Users/spaek14/Desktop/projects/bank/lib/statement.rb": {
        "lines": [
          1,
          null,
          1,
          11,
          null,
          null,
          1,
          14,
          1,
          null,
          62,
          null,
          null,
          null,
          1,
          null,
          1,
          14,
          null,
          null,
          null
        ]
      },
      "/Users/spaek14/Desktop/projects/bank/spec/statement_spec.rb": {
        "lines": [
          1,
          null,
          1,
          4,
          4,
          4,
          4,
          4,
          4,
          null,
          1,
          1,
          1,
          null,
          null,
          1,
          1,
          null,
          null,
          null,
          1,
          1,
          1,
          1,
          1,
          1,
          null,
          null,
          1,
          1,
          null,
          null,
          null
        ]
      },
      "/Users/spaek14/Desktop/projects/bank/spec/transaction_spec.rb": {
        "lines": [
          1,
          null,
          1,
          null,
          6,
          3,
          null,
          1,
          1,
          1,
          null,
          null,
          1,
          1,
          null,
          null,
          1,
          1,
          null,
          null,
          null,
          1,
          1,
          1,
          1,
          null,
          null,
          1,
          1,
          null,
          null,
          null,
          1,
          1,
          1,
          null,
          null,
          1,
          1,
          null,
          null,
          null,
          1,
          1,
          2,
          null,
          null,
          null,
          null
        ]
      }
    },
    "timestamp": 1617811604
  }
}
