{
  "RSpec": {
    "coverage": {
      "/Users/spaek14/Desktop/projects/bank/spec/bank_spec.rb": {
        "lines": [
          1,
          null,
          1,
          8,
          null,
          1,
          1,
          1,
          1,
          null,
          null,
          1,
          1,
          1,
          5,
          5,
          5,
          null,
          null,
          1,
          2,
          null,
          null,
          null,
          1,
          null,
          1,
          4,
          null,
          null,
          1,
          1,
          1,
          null,
          null,
          1,
          1,
          1,
          1,
          null,
          null,
          1,
          2,
          2,
          2,
          2,
          null,
          null,
          1,
          2,
          2,
          2,
          2,
          null,
          null,
          null,
          1,
          3,
          3,
          3,
          3,
          3,
          null,
          1,
          1,
          1,
          1,
          1,
          null,
          null,
          1,
          1,
          null,
          null,
          null
        ]
      },
      "/Users/spaek14/Desktop/projects/bank/lib/bank.rb": {
        "lines": [
          1,
          1,
          null,
          1,
          1,
          null,
          1,
          7,
          7,
          null,
          null,
          1,
          15,
          10,
          10,
          null,
          null,
          1,
          11,
          7,
          7,
          null,
          null,
          1,
          0,
          null,
          null,
          1,
          null,
          1,
          26,
          26,
          26,
          26,
          null,
          null
        ]
      },
      "/Users/spaek14/Desktop/projects/bank/lib/transaction.rb": {
        "lines": [
          1,
          1,
          null,
          1,
          25,
          25,
          25,
          25,
          25,
          25,
          15,
          10,
          9,
          1,
          null,
          null,
          null
        ]
      },
      "/Users/spaek14/Desktop/projects/bank/lib/statement.rb": {
        "lines": [
          1,
          null,
          1,
          9,
          null,
          null,
          1,
          12,
          1,
          null,
          55,
          null,
          null,
          null,
          1,
          null,
          1,
          12,
          null,
          null,
          null
        ]
      },
      "/Users/spaek14/Desktop/projects/bank/spec/statement_spec.rb": {
        "lines": [
          1,
          null,
          1,
          4,
          4,
          4,
          4,
          4,
          4,
          null,
          1,
          1,
          1,
          null,
          null,
          1,
          1,
          null,
          null,
          null,
          1,
          1,
          1,
          1,
          1,
          1,
          null,
          null,
          1,
          1,
          null,
          null,
          null
        ]
      },
      "/Users/spaek14/Desktop/projects/bank/spec/transaction_spec.rb": {
        "lines": [
          1,
          null,
          1,
          null,
          6,
          3,
          null,
          1,
          1,
          1,
          null,
          null,
          1,
          1,
          null,
          null,
          1,
          1,
          null,
          null,
          null,
          1,
          1,
          1,
          1,
          null,
          null,
          1,
          1,
          null,
          null,
          null,
          1,
          1,
          1,
          null,
          null,
          1,
          1,
          null,
          null,
          null,
          1,
          1,
          2,
          null,
          null,
          null,
          null
        ]
      }
    },
    "timestamp": 1617807113
  }
}
